  main.cpp
C:\Users\excee\source\repos\flappy-bird\flappy-bird\src\main.cpp(31,12): warning C4244: 'argument': conversion from 'time_t' to 'unsigned int', possible loss of data
C:\Users\excee\source\repos\flappy-bird\flappy-bird\src\main.cpp(36,28): warning C4305: 'argument': truncation from 'double' to 'float'
C:\Users\excee\source\repos\flappy-bird\flappy-bird\src\main.cpp(36,23): warning C4305: 'argument': truncation from 'double' to 'float'
C:\Users\excee\source\repos\flappy-bird\flappy-bird\src\main.cpp(129,64): warning C4244: 'argument': conversion from 'T' to 'T', possible loss of data
C:\Users\excee\source\repos\flappy-bird\flappy-bird\src\main.cpp(129,64): warning C4244:         with
C:\Users\excee\source\repos\flappy-bird\flappy-bird\src\main.cpp(129,64): warning C4244:         [
C:\Users\excee\source\repos\flappy-bird\flappy-bird\src\main.cpp(129,64): warning C4244:             T=float
C:\Users\excee\source\repos\flappy-bird\flappy-bird\src\main.cpp(129,64): warning C4244:         ]
C:\Users\excee\source\repos\flappy-bird\flappy-bird\src\main.cpp(129,64): warning C4244:         and
C:\Users\excee\source\repos\flappy-bird\flappy-bird\src\main.cpp(129,64): warning C4244:         [
C:\Users\excee\source\repos\flappy-bird\flappy-bird\src\main.cpp(129,64): warning C4244:             T=int
C:\Users\excee\source\repos\flappy-bird\flappy-bird\src\main.cpp(129,64): warning C4244:         ]
C:\Users\excee\source\repos\flappy-bird\flappy-bird\src\main.cpp(130,40): warning C4244: 'argument': conversion from 'int' to 'float', possible loss of data
C:\Users\excee\source\repos\flappy-bird\flappy-bird\src\main.cpp(130,25): warning C4244: 'argument': conversion from 'int' to 'float', possible loss of data
C:\Users\excee\source\repos\flappy-bird\flappy-bird\src\main.cpp(152,72): warning C4244: 'argument': conversion from 'T' to 'T', possible loss of data
C:\Users\excee\source\repos\flappy-bird\flappy-bird\src\main.cpp(152,72): warning C4244:         with
C:\Users\excee\source\repos\flappy-bird\flappy-bird\src\main.cpp(152,72): warning C4244:         [
C:\Users\excee\source\repos\flappy-bird\flappy-bird\src\main.cpp(152,72): warning C4244:             T=float
C:\Users\excee\source\repos\flappy-bird\flappy-bird\src\main.cpp(152,72): warning C4244:         ]
C:\Users\excee\source\repos\flappy-bird\flappy-bird\src\main.cpp(152,72): warning C4244:         and
C:\Users\excee\source\repos\flappy-bird\flappy-bird\src\main.cpp(152,72): warning C4244:         [
C:\Users\excee\source\repos\flappy-bird\flappy-bird\src\main.cpp(152,72): warning C4244:             T=int
C:\Users\excee\source\repos\flappy-bird\flappy-bird\src\main.cpp(152,72): warning C4244:         ]
C:\Users\excee\source\repos\flappy-bird\flappy-bird\src\main.cpp(187,49): warning C4244: 'argument': conversion from 'T' to 'float', possible loss of data
C:\Users\excee\source\repos\flappy-bird\flappy-bird\src\main.cpp(187,49): warning C4244:         with
C:\Users\excee\source\repos\flappy-bird\flappy-bird\src\main.cpp(187,49): warning C4244:         [
C:\Users\excee\source\repos\flappy-bird\flappy-bird\src\main.cpp(187,49): warning C4244:             T=unsigned int
C:\Users\excee\source\repos\flappy-bird\flappy-bird\src\main.cpp(187,49): warning C4244:         ]
  flappy-bird.vcxproj -> C:\Users\excee\source\repos\flappy-bird\x64\Debug\flappy-bird.exe
